Installing packages into ‘/root/R/x86_64-pc-linux-gnu-library/4.5’
(as ‘lib’ is unspecified)
also installing the dependencies ‘labeling’, ‘utf8’, ‘pkgconfig’, ‘stringi’, ‘cli’, ‘gtable’, ‘isoband’, ‘lifecycle’, ‘rlang’, ‘S7’, ‘scales’, ‘vctrs’, ‘withr’, ‘viridisLite’, ‘gridExtra’, ‘RColorBrewer’, ‘glue’, ‘magrittr’, ‘pillar’, ‘R6’, ‘tibble’, ‘tidyselect’, ‘purrr’, ‘stringr’, ‘cpp11’, ‘farver’, ‘Rcpp’

trying URL 'https://cloud.r-project.org/src/contrib/labeling_0.4.3.tar.gz'
trying URL 'https://cloud.r-project.org/src/contrib/utf8_1.2.6.tar.gz'
trying URL 'https://cloud.r-project.org/src/contrib/pkgconfig_2.0.3.tar.gz'
trying URL 'https://cloud.r-project.org/src/contrib/stringi_1.8.7.tar.gz'
trying URL 'https://cloud.r-project.org/src/contrib/cli_3.6.5.tar.gz'
trying URL 'https://cloud.r-project.org/src/contrib/gtable_0.3.6.tar.gz'
trying URL 'https://cloud.r-project.org/src/contrib/isoband_0.2.7.tar.gz'
trying URL 'https://cloud.r-project.org/src/contrib/lifecycle_1.0.4.tar.gz'
trying URL 'https://cloud.r-project.org/src/contrib/rlang_1.1.6.tar.gz'
trying URL 'https://cloud.r-project.org/src/contrib/S7_0.2.1.tar.gz'
trying URL 'https://cloud.r-project.org/src/contrib/scales_1.4.0.tar.gz'
trying URL 'https://cloud.r-project.org/src/contrib/vctrs_0.6.5.tar.gz'
trying URL 'https://cloud.r-project.org/src/contrib/withr_3.0.2.tar.gz'
trying URL 'https://cloud.r-project.org/src/contrib/viridisLite_0.4.2.tar.gz'
trying URL 'https://cloud.r-project.org/src/contrib/gridExtra_2.3.tar.gz'
trying URL 'https://cloud.r-project.org/src/contrib/RColorBrewer_1.1-3.tar.gz'
trying URL 'https://cloud.r-project.org/src/contrib/glue_1.8.0.tar.gz'
trying URL 'https://cloud.r-project.org/src/contrib/magrittr_2.0.4.tar.gz'
trying URL 'https://cloud.r-project.org/src/contrib/pillar_1.11.1.tar.gz'
trying URL 'https://cloud.r-project.org/src/contrib/R6_2.6.1.tar.gz'
trying URL 'https://cloud.r-project.org/src/contrib/tibble_3.3.0.tar.gz'
trying URL 'https://cloud.r-project.org/src/contrib/tidyselect_1.2.1.tar.gz'
trying URL 'https://cloud.r-project.org/src/contrib/purrr_1.2.0.tar.gz'
trying URL 'https://cloud.r-project.org/src/contrib/stringr_1.6.0.tar.gz'
trying URL 'https://cloud.r-project.org/src/contrib/cpp11_0.5.2.tar.gz'
trying URL 'https://cloud.r-project.org/src/contrib/farver_2.1.2.tar.gz'
trying URL 'https://cloud.r-project.org/src/contrib/Rcpp_1.1.0.tar.gz'
trying URL 'https://cloud.r-project.org/src/contrib/data.table_1.17.8.tar.gz'
trying URL 'https://cloud.r-project.org/src/contrib/nnls_1.6.tar.gz'
trying URL 'https://cloud.r-project.org/src/contrib/ggplot2_4.0.1.tar.gz'
trying URL 'https://cloud.r-project.org/src/contrib/viridis_0.6.5.tar.gz'
trying URL 'https://cloud.r-project.org/src/contrib/pheatmap_1.0.13.tar.gz'
trying URL 'https://cloud.r-project.org/src/contrib/corrplot_0.95.tar.gz'
trying URL 'https://cloud.r-project.org/src/contrib/dplyr_1.1.4.tar.gz'
trying URL 'https://cloud.r-project.org/src/contrib/tidyr_1.3.1.tar.gz'
trying URL 'https://cloud.r-project.org/src/contrib/patchwork_1.3.2.tar.gz'
trying URL 'https://cloud.r-project.org/src/contrib/ggrepel_0.9.6.tar.gz'
* installing *source* package ‘labeling’ ...
** this is package ‘labeling’ version ‘0.4.3’
** package ‘labeling’ successfully unpacked and MD5 sums checked
** using staged installation
** R
** byte-compile and prepare package for lazy loading
** help
*** installing help indices
** building package indices
** testing if installed package can be loaded from temporary location
** testing if installed package can be loaded from final location
** testing if installed package keeps a record of temporary installation path
* DONE (labeling)
* installing *source* package ‘utf8’ ...
** this is package ‘utf8’ version ‘1.2.6’
** package ‘utf8’ successfully unpacked and MD5 sums checked
** using staged installation
** libs
using C compiler: ‘gcc (Debian 14.2.0-19) 14.2.0’
installing to /root/R/x86_64-pc-linux-gnu-library/4.5/00LOCK-utf8/00new/utf8/libs
** R
** inst
** byte-compile and prepare package for lazy loading
** help
*** installing help indices
** building package indices
** installing vignettes
** testing if installed package can be loaded from temporary location
** checking absolute paths in shared objects and dynamic libraries
** testing if installed package can be loaded from final location
** testing if installed package keeps a record of temporary installation path
* DONE (utf8)
* installing *source* package ‘pkgconfig’ ...
** this is package ‘pkgconfig’ version ‘2.0.3’
** package ‘pkgconfig’ successfully unpacked and MD5 sums checked
** using staged installation
** R
** inst
** byte-compile and prepare package for lazy loading
** help
*** installing help indices
** building package indices
** testing if installed package can be loaded from temporary location
** testing if installed package can be loaded from final location
** testing if installed package keeps a record of temporary installation path
* DONE (pkgconfig)
* installing *source* package ‘stringi’ ...
** this is package ‘stringi’ version ‘1.8.7’
** package ‘stringi’ successfully unpacked and MD5 sums checked
** using staged installation
** libs
using C++ compiler: ‘g++ (Debian 14.2.0-19) 14.2.0’
In file included from stri_ICU_settings.cpp:37:
uconfig_local.h:42:9: warning: "UCONFIG_USE_WINDOWS_LCID_MAPPING_API" redefined
   42 | #define UCONFIG_USE_WINDOWS_LCID_MAPPING_API 0
      |         ^~~~~~~~~~~~~~~~~~~~~~~~~~~~~~~~~~~~
In file included from /usr/include/unicode/platform.h:24,
                 from /usr/include/unicode/ptypes.h:46,
                 from stri_external.h:52,
                 from stri_stringi.h:36,
                 from stri_ICU_settings.cpp:33:
/usr/include/unicode/uconfig.h:391:12: note: this is the location of the previous definition
  391 | #   define UCONFIG_USE_WINDOWS_LCID_MAPPING_API 1
      |            ^~~~~~~~~~~~~~~~~~~~~~~~~~~~~~~~~~~~
In file included from stri_stringi.cpp:40:
uconfig_local.h:42:9: warning: "UCONFIG_USE_WINDOWS_LCID_MAPPING_API" redefined
   42 | #define UCONFIG_USE_WINDOWS_LCID_MAPPING_API 0
      |         ^~~~~~~~~~~~~~~~~~~~~~~~~~~~~~~~~~~~
In file included from /usr/include/unicode/platform.h:24,
                 from /usr/include/unicode/ptypes.h:46,
                 from stri_external.h:52,
                 from stri_stringi.h:36,
                 from stri_stringi.cpp:33:
/usr/include/unicode/uconfig.h:391:12: note: this is the location of the previous definition
  391 | #   define UCONFIG_USE_WINDOWS_LCID_MAPPING_API 1
      |            ^~~~~~~~~~~~~~~~~~~~~~~~~~~~~~~~~~~~
installing via 'install.libs.R' to /root/R/x86_64-pc-linux-gnu-library/4.5/00LOCK-stringi/00new/stringi
** R
** inst
** byte-compile and prepare package for lazy loading
** help
*** installing help indices
** building package indices
** testing if installed package can be loaded from temporary location
** checking absolute paths in shared objects and dynamic libraries
** testing if installed package can be loaded from final location
** testing if installed package keeps a record of temporary installation path
* DONE (stringi)
* installing *source* package ‘cli’ ...
** this is package ‘cli’ version ‘3.6.5’
** package ‘cli’ successfully unpacked and MD5 sums checked
** using staged installation
** libs
using C compiler: ‘gcc (Debian 14.2.0-19) 14.2.0’
installing to /root/R/x86_64-pc-linux-gnu-library/4.5/00LOCK-cli/00new/cli/libs
** R
** exec
** inst
** byte-compile and prepare package for lazy loading
** help
*** installing help indices
*** copying figures
** building package indices
** testing if installed package can be loaded from temporary location
** checking absolute paths in shared objects and dynamic libraries
** testing if installed package can be loaded from final location
** testing if installed package keeps a record of temporary installation path
* DONE (cli)
* installing *source* package ‘isoband’ ...
** this is package ‘isoband’ version ‘0.2.7’
** package ‘isoband’ successfully unpacked and MD5 sums checked
** using staged installation
** libs
using C++ compiler: ‘g++ (Debian 14.2.0-19) 14.2.0’
using C++11
installing to /root/R/x86_64-pc-linux-gnu-library/4.5/00LOCK-isoband/00new/isoband/libs
** R
** inst
** byte-compile and prepare package for lazy loading
** help
*** installing help indices
*** copying figures
** building package indices
** installing vignettes
** testing if installed package can be loaded from temporary location
** checking absolute paths in shared objects and dynamic libraries
** testing if installed package can be loaded from final location
** testing if installed package keeps a record of temporary installation path
* DONE (isoband)
* installing *source* package ‘rlang’ ...
** this is package ‘rlang’ version ‘1.1.6’
** package ‘rlang’ successfully unpacked and MD5 sums checked
** using staged installation
** libs
using C compiler: ‘gcc (Debian 14.2.0-19) 14.2.0’
installing to /root/R/x86_64-pc-linux-gnu-library/4.5/00LOCK-rlang/00new/rlang/libs
** R
** inst
** byte-compile and prepare package for lazy loading
** help
*** installing help indices
*** copying figures
** building package indices
** testing if installed package can be loaded from temporary location
** checking absolute paths in shared objects and dynamic libraries
** testing if installed package can be loaded from final location
** testing if installed package keeps a record of temporary installation path
* DONE (rlang)
* installing *source* package ‘S7’ ...
** this is package ‘S7’ version ‘0.2.1’
** package ‘S7’ successfully unpacked and MD5 sums checked
** using staged installation
** libs
using C compiler: ‘gcc (Debian 14.2.0-19) 14.2.0’
installing to /root/R/x86_64-pc-linux-gnu-library/4.5/00LOCK-S7/00new/S7/libs
** R
** inst
** byte-compile and prepare package for lazy loading
** help
*** installing help indices
** building package indices
** installing vignettes
** testing if installed package can be loaded from temporary location
** checking absolute paths in shared objects and dynamic libraries
** testing if installed package can be loaded from final location
** testing if installed package keeps a record of temporary installation path
* DONE (S7)
* installing *source* package ‘withr’ ...
** this is package ‘withr’ version ‘3.0.2’
** package ‘withr’ successfully unpacked and MD5 sums checked
** using staged installation
** R
** inst
** byte-compile and prepare package for lazy loading
** help
*** installing help indices
*** copying figures
** building package indices
** installing vignettes
** testing if installed package can be loaded from temporary location
** testing if installed package can be loaded from final location
** testing if installed package keeps a record of temporary installation path
* DONE (withr)
* installing *source* package ‘viridisLite’ ...
** this is package ‘viridisLite’ version ‘0.4.2’
** package ‘viridisLite’ successfully unpacked and MD5 sums checked
** using staged installation
** R
** inst
** byte-compile and prepare package for lazy loading
** help
*** installing help indices
*** copying figures
** building package indices
** testing if installed package can be loaded from temporary location
** testing if installed package can be loaded from final location
** testing if installed package keeps a record of temporary installation path
* DONE (viridisLite)
* installing *source* package ‘RColorBrewer’ ...
** this is package ‘RColorBrewer’ version ‘1.1-3’
** package ‘RColorBrewer’ successfully unpacked and MD5 sums checked
** using staged installation
** R
** inst
** byte-compile and prepare package for lazy loading
** help
*** installing help indices
** building package indices
** testing if installed package can be loaded from temporary location
** testing if installed package can be loaded from final location
** testing if installed package keeps a record of temporary installation path
* DONE (RColorBrewer)
* installing *source* package ‘glue’ ...
** this is package ‘glue’ version ‘1.8.0’
** package ‘glue’ successfully unpacked and MD5 sums checked
** using staged installation
** libs
using C compiler: ‘gcc (Debian 14.2.0-19) 14.2.0’
installing to /root/R/x86_64-pc-linux-gnu-library/4.5/00LOCK-glue/00new/glue/libs
** R
** inst
** byte-compile and prepare package for lazy loading
** help
*** installing help indices
*** copying figures
** building package indices
** installing vignettes
** testing if installed package can be loaded from temporary location
** checking absolute paths in shared objects and dynamic libraries
** testing if installed package can be loaded from final location
** testing if installed package keeps a record of temporary installation path
* DONE (glue)
* installing *source* package ‘magrittr’ ...
** this is package ‘magrittr’ version ‘2.0.4’
** package ‘magrittr’ successfully unpacked and MD5 sums checked
** using staged installation
** libs
using C compiler: ‘gcc (Debian 14.2.0-19) 14.2.0’
installing to /root/R/x86_64-pc-linux-gnu-library/4.5/00LOCK-magrittr/00new/magrittr/libs
** R
** inst
** byte-compile and prepare package for lazy loading
** help
*** installing help indices
*** copying figures
** building package indices
** installing vignettes
** testing if installed package can be loaded from temporary location
** checking absolute paths in shared objects and dynamic libraries
** testing if installed package can be loaded from final location
** testing if installed package keeps a record of temporary installation path
* DONE (magrittr)
* installing *source* package ‘R6’ ...
** this is package ‘R6’ version ‘2.6.1’
** package ‘R6’ successfully unpacked and MD5 sums checked
** using staged installation
** R
** byte-compile and prepare package for lazy loading
** help
*** installing help indices
*** copying figures
** building package indices
** testing if installed package can be loaded from temporary location
** testing if installed package can be loaded from final location
** testing if installed package keeps a record of temporary installation path
* DONE (R6)
* installing *source* package ‘cpp11’ ...
** this is package ‘cpp11’ version ‘0.5.2’
** package ‘cpp11’ successfully unpacked and MD5 sums checked
** using staged installation
** R
** inst
** byte-compile and prepare package for lazy loading
** help
*** installing help indices
** building package indices
** installing vignettes
** testing if installed package can be loaded from temporary location
** testing if installed package can be loaded from final location
** testing if installed package keeps a record of temporary installation path
* DONE (cpp11)
* installing *source* package ‘farver’ ...
** this is package ‘farver’ version ‘2.1.2’
** package ‘farver’ successfully unpacked and MD5 sums checked
** using staged installation
** libs
using C++ compiler: ‘g++ (Debian 14.2.0-19) 14.2.0’
installing to /root/R/x86_64-pc-linux-gnu-library/4.5/00LOCK-farver/00new/farver/libs
** R
** byte-compile and prepare package for lazy loading
** help
*** installing help indices
*** copying figures
** building package indices
** testing if installed package can be loaded from temporary location
** checking absolute paths in shared objects and dynamic libraries
** testing if installed package can be loaded from final location
** testing if installed package keeps a record of temporary installation path
* DONE (farver)
* installing *source* package ‘Rcpp’ ...
** this is package ‘Rcpp’ version ‘1.1.0’
** package ‘Rcpp’ successfully unpacked and MD5 sums checked
** using staged installation
** libs
using C++ compiler: ‘g++ (Debian 14.2.0-19) 14.2.0’
installing to /root/R/x86_64-pc-linux-gnu-library/4.5/00LOCK-Rcpp/00new/Rcpp/libs
** R
** inst
** byte-compile and prepare package for lazy loading
** help
*** installing help indices
** building package indices
** installing vignettes
** testing if installed package can be loaded from temporary location
** checking absolute paths in shared objects and dynamic libraries
** testing if installed package can be loaded from final location
** testing if installed package keeps a record of temporary installation path
* DONE (Rcpp)
* installing *source* package ‘data.table’ ...
** this is package ‘data.table’ version ‘1.17.8’
** package ‘data.table’ successfully unpacked and MD5 sums checked
** using staged installation
** libs
using C compiler: ‘gcc (Debian 14.2.0-19) 14.2.0’
installing to /root/R/x86_64-pc-linux-gnu-library/4.5/00LOCK-data.table/00new/data.table/libs
** R
** inst
** byte-compile and prepare package for lazy loading
** help
*** installing help indices
** building package indices
** installing vignettes
** testing if installed package can be loaded from temporary location
** checking absolute paths in shared objects and dynamic libraries
** testing if installed package can be loaded from final location
** testing if installed package keeps a record of temporary installation path
* DONE (data.table)
* installing *source* package ‘nnls’ ...
** this is package ‘nnls’ version ‘1.6’
** package ‘nnls’ successfully unpacked and MD5 sums checked
** using staged installation
** libs
using C compiler: ‘gcc (Debian 14.2.0-19) 14.2.0’
using Fortran compiler: ‘GNU Fortran (Debian 14.2.0-19) 14.2.0’
installing to /root/R/x86_64-pc-linux-gnu-library/4.5/00LOCK-nnls/00new/nnls/libs
** R
** inst
** byte-compile and prepare package for lazy loading
** help
*** installing help indices
** building package indices
** testing if installed package can be loaded from temporary location
** checking absolute paths in shared objects and dynamic libraries
** testing if installed package can be loaded from final location
** testing if installed package keeps a record of temporary installation path
* DONE (nnls)
* installing *source* package ‘corrplot’ ...
** this is package ‘corrplot’ version ‘0.95’
** package ‘corrplot’ successfully unpacked and MD5 sums checked
** using staged installation
** R
** inst
** byte-compile and prepare package for lazy loading
** help
*** installing help indices
** building package indices
** installing vignettes
** testing if installed package can be loaded from temporary location
** testing if installed package can be loaded from final location
** testing if installed package keeps a record of temporary installation path
* DONE (corrplot)
* installing *source* package ‘lifecycle’ ...
** this is package ‘lifecycle’ version ‘1.0.4’
** package ‘lifecycle’ successfully unpacked and MD5 sums checked
** using staged installation
** R
** inst
** byte-compile and prepare package for lazy loading
** help
*** installing help indices
*** copying figures
** building package indices
** installing vignettes
** testing if installed package can be loaded from temporary location
** testing if installed package can be loaded from final location
** testing if installed package keeps a record of temporary installation path
* DONE (lifecycle)
* installing *source* package ‘gtable’ ...
** this is package ‘gtable’ version ‘0.3.6’
** package ‘gtable’ successfully unpacked and MD5 sums checked
** using staged installation
** R
** inst
** byte-compile and prepare package for lazy loading
** help
*** installing help indices
*** copying figures
** building package indices
** installing vignettes
** testing if installed package can be loaded from temporary location
** testing if installed package can be loaded from final location
** testing if installed package keeps a record of temporary installation path
* DONE (gtable)
* installing *source* package ‘scales’ ...
** this is package ‘scales’ version ‘1.4.0’
** package ‘scales’ successfully unpacked and MD5 sums checked
** using staged installation
** R
** byte-compile and prepare package for lazy loading
** help
*** installing help indices
*** copying figures
** building package indices
** testing if installed package can be loaded from temporary location
** testing if installed package can be loaded from final location
** testing if installed package keeps a record of temporary installation path
* DONE (scales)
* installing *source* package ‘vctrs’ ...
** this is package ‘vctrs’ version ‘0.6.5’
** package ‘vctrs’ successfully unpacked and MD5 sums checked
** using staged installation
** libs
using C compiler: ‘gcc (Debian 14.2.0-19) 14.2.0’
installing to /root/R/x86_64-pc-linux-gnu-library/4.5/00LOCK-vctrs/00new/vctrs/libs
** R
** inst
** byte-compile and prepare package for lazy loading
** help
*** installing help indices
*** copying figures
** building package indices
** installing vignettes
** testing if installed package can be loaded from temporary location
** checking absolute paths in shared objects and dynamic libraries
** testing if installed package can be loaded from final location
** testing if installed package keeps a record of temporary installation path
* DONE (vctrs)
* installing *source* package ‘gridExtra’ ...
** this is package ‘gridExtra’ version ‘2.3’
** package ‘gridExtra’ successfully unpacked and MD5 sums checked
** using staged installation
** R
** inst
** byte-compile and prepare package for lazy loading
** help
*** installing help indices
** building package indices
** installing vignettes
** testing if installed package can be loaded from temporary location
** testing if installed package can be loaded from final location
** testing if installed package keeps a record of temporary installation path
* DONE (gridExtra)
* installing *source* package ‘pillar’ ...
** this is package ‘pillar’ version ‘1.11.1’
** package ‘pillar’ successfully unpacked and MD5 sums checked
** using staged installation
** R
** inst
** byte-compile and prepare package for lazy loading
** help
*** installing help indices
*** copying figures
** building package indices
** installing vignettes
** testing if installed package can be loaded from temporary location
** testing if installed package can be loaded from final location
** testing if installed package keeps a record of temporary installation path
* DONE (pillar)
* installing *source* package ‘tidyselect’ ...
** this is package ‘tidyselect’ version ‘1.2.1’
** package ‘tidyselect’ successfully unpacked and MD5 sums checked
** using staged installation
** R
** inst
** byte-compile and prepare package for lazy loading
** help
*** installing help indices
** building package indices
** installing vignettes
** testing if installed package can be loaded from temporary location
** testing if installed package can be loaded from final location
** testing if installed package keeps a record of temporary installation path
* DONE (tidyselect)
* installing *source* package ‘purrr’ ...
** this is package ‘purrr’ version ‘1.2.0’
** package ‘purrr’ successfully unpacked and MD5 sums checked
** using staged installation
** libs
using C compiler: ‘gcc (Debian 14.2.0-19) 14.2.0’
installing to /root/R/x86_64-pc-linux-gnu-library/4.5/00LOCK-purrr/00new/purrr/libs
** R
** inst
** byte-compile and prepare package for lazy loading
** help
*** installing help indices
*** copying figures
** building package indices
** installing vignettes
** testing if installed package can be loaded from temporary location
** checking absolute paths in shared objects and dynamic libraries
** testing if installed package can be loaded from final location
** testing if installed package keeps a record of temporary installation path
* DONE (purrr)
* installing *source* package ‘stringr’ ...
** this is package ‘stringr’ version ‘1.6.0’
** package ‘stringr’ successfully unpacked and MD5 sums checked
** using staged installation
** R
** data
*** moving datasets to lazyload DB
** inst
** byte-compile and prepare package for lazy loading
** help
*** installing help indices
*** copying figures
** building package indices
** installing vignettes
** testing if installed package can be loaded from temporary location
** testing if installed package can be loaded from final location
** testing if installed package keeps a record of temporary installation path
* DONE (stringr)
* installing *source* package ‘ggplot2’ ...
** this is package ‘ggplot2’ version ‘4.0.1’
** package ‘ggplot2’ successfully unpacked and MD5 sums checked
** using staged installation
** R
** data
*** moving datasets to lazyload DB
** inst
** byte-compile and prepare package for lazy loading
** help
*** installing help indices
*** copying figures
** building package indices
** installing vignettes
** testing if installed package can be loaded from temporary location
** testing if installed package can be loaded from final location
** testing if installed package keeps a record of temporary installation path
* DONE (ggplot2)
* installing *source* package ‘pheatmap’ ...
** this is package ‘pheatmap’ version ‘1.0.13’
** package ‘pheatmap’ successfully unpacked and MD5 sums checked
** using staged installation
** R
** byte-compile and prepare package for lazy loading
** help
*** installing help indices
** building package indices
** testing if installed package can be loaded from temporary location
** testing if installed package can be loaded from final location
** testing if installed package keeps a record of temporary installation path
* DONE (pheatmap)
* installing *source* package ‘tibble’ ...
** this is package ‘tibble’ version ‘3.3.0’
** package ‘tibble’ successfully unpacked and MD5 sums checked
** using staged installation
** libs
using C compiler: ‘gcc (Debian 14.2.0-19) 14.2.0’
installing to /root/R/x86_64-pc-linux-gnu-library/4.5/00LOCK-tibble/00new/tibble/libs
** R
** inst
** byte-compile and prepare package for lazy loading
** help
*** installing help indices
*** copying figures
** building package indices
** installing vignettes
** testing if installed package can be loaded from temporary location
** checking absolute paths in shared objects and dynamic libraries
** testing if installed package can be loaded from final location
** testing if installed package keeps a record of temporary installation path
* DONE (tibble)
* installing *source* package ‘viridis’ ...
** this is package ‘viridis’ version ‘0.6.5’
** package ‘viridis’ successfully unpacked and MD5 sums checked
** using staged installation
** R
** data
*** moving datasets to lazyload DB
** inst
** byte-compile and prepare package for lazy loading
** help
*** installing help indices
*** copying figures
** building package indices
** installing vignettes
** testing if installed package can be loaded from temporary location
** testing if installed package can be loaded from final location
** testing if installed package keeps a record of temporary installation path
* DONE (viridis)
* installing *source* package ‘patchwork’ ...
** this is package ‘patchwork’ version ‘1.3.2’
** package ‘patchwork’ successfully unpacked and MD5 sums checked
** using staged installation
** R
** inst
** byte-compile and prepare package for lazy loading
** help
*** installing help indices
*** copying figures
** building package indices
** installing vignettes
** testing if installed package can be loaded from temporary location
** testing if installed package can be loaded from final location
** testing if installed package keeps a record of temporary installation path
* DONE (patchwork)
* installing *source* package ‘ggrepel’ ...
** this is package ‘ggrepel’ version ‘0.9.6’
** package ‘ggrepel’ successfully unpacked and MD5 sums checked
** using staged installation
** libs
using C++ compiler: ‘g++ (Debian 14.2.0-19) 14.2.0’
installing to /root/R/x86_64-pc-linux-gnu-library/4.5/00LOCK-ggrepel/00new/ggrepel/libs
** R
** inst
** byte-compile and prepare package for lazy loading
** help
*** installing help indices
*** copying figures
** building package indices
** installing vignettes
** testing if installed package can be loaded from temporary location
** checking absolute paths in shared objects and dynamic libraries
** testing if installed package can be loaded from final location
** testing if installed package keeps a record of temporary installation path
* DONE (ggrepel)
* installing *source* package ‘dplyr’ ...
** this is package ‘dplyr’ version ‘1.1.4’
** package ‘dplyr’ successfully unpacked and MD5 sums checked
** using staged installation
** libs
using C++ compiler: ‘g++ (Debian 14.2.0-19) 14.2.0’
installing to /root/R/x86_64-pc-linux-gnu-library/4.5/00LOCK-dplyr/00new/dplyr/libs
** R
** data
*** moving datasets to lazyload DB
** inst
** byte-compile and prepare package for lazy loading
** help
*** installing help indices
*** copying figures
** building package indices
** installing vignettes
** testing if installed package can be loaded from temporary location
** checking absolute paths in shared objects and dynamic libraries
** testing if installed package can be loaded from final location
** testing if installed package keeps a record of temporary installation path
* DONE (dplyr)
* installing *source* package ‘tidyr’ ...
** this is package ‘tidyr’ version ‘1.3.1’
** package ‘tidyr’ successfully unpacked and MD5 sums checked
** using staged installation
** libs
using C++ compiler: ‘g++ (Debian 14.2.0-19) 14.2.0’
installing to /root/R/x86_64-pc-linux-gnu-library/4.5/00LOCK-tidyr/00new/tidyr/libs
** R
** data
*** moving datasets to lazyload DB
** inst
** byte-compile and prepare package for lazy loading
** help
*** installing help indices
*** copying figures
** building package indices
** installing vignettes
** testing if installed package can be loaded from temporary location
** checking absolute paths in shared objects and dynamic libraries
** testing if installed package can be loaded from final location
** testing if installed package keeps a record of temporary installation path
* DONE (tidyr)

The downloaded source packages are in
	‘/tmp/RtmpwV7lIy/downloaded_packages’
[QC] Computed sample QC table (54 samples).
[Sample Cards] 12512 genes × 13 CTs; 54 samples
[Sample Cards] Wrote: /data/output/Bisque_deconvolution_results/deconv_visual_reports/top_genes_per_sample.tsv
